<?xml version="1.0" encoding="UTF-8"?>
<!-- Generated by org.testng.reporters.JUnitXMLReporter -->
<testsuite ignored="0" hostname="LAPTOP-H6ICRR5G" failures="0" tests="3" name="Default test" time="19.163" errors="0" timestamp="30 Oct 2022 07:18:24 GMT">
  <testcase classname="com.test.project.B_GoogleTest" name="GetTittle" time="0.028"/>
  <testcase classname="com.test.project.B_GoogleTest" name="linktest" time="0.211"/>
  <testcase classname="com.test.project.B_GoogleTest" name="GoogleLogoTest" time="0.055"/>
</testsuite> <!-- Default test -->
