<?xml version="1.0" encoding="UTF-8"?>
<!-- Generated by org.testng.reporters.JUnitXMLReporter -->
<testsuite ignored="0" hostname="LAPTOP-H6ICRR5G" failures="1" tests="17" name="Different Testng Feature Test" time="6.827" errors="0" timestamp="07 Nov 2022 05:21:57 GMT">
  <testcase classname="com.test.project.A_Annotations_Part1" name="GooglelogoTest" time="0.021"/>
  <testcase classname="com.test.project.A_Annotations_Part1" name="SearchTest" time="0.004"/>
  <testcase classname="com.test.project.A_Annotations_Part1" name="googleTitleTest" time="0.004"/>
  <testcase classname="com.test.project.F_ExpectedException" name="infiniteLoop" time="0.005"/>
  <testcase classname="com.test.project.E_ExceptionTimeout" name="infiniteLoop" time="0.023"/>
  <testcase classname="com.test.project.D_InvocationCount" name="sum" time="0.004"/>
  <testcase classname="com.test.project.D_InvocationCount" name="sum" time="0.004"/>
  <testcase classname="com.test.project.D_InvocationCount" name="sum" time="0.004"/>
  <testcase classname="com.test.project.D_InvocationCount" name="sum" time="0.003"/>
  <testcase classname="com.test.project.D_InvocationCount" name="sum" time="0.005"/>
  <testcase classname="com.test.project.D_InvocationCount" name="sum" time="0.003"/>
  <testcase classname="com.test.project.D_InvocationCount" name="sum" time="0.003"/>
  <testcase classname="com.test.project.D_InvocationCount" name="sum" time="0.003"/>
  <testcase classname="com.test.project.D_InvocationCount" name="sum" time="0.002"/>
  <testcase classname="com.test.project.D_InvocationCount" name="sum" time="0.003"/>
  <testcase classname="com.test.project.C_DependsonMethod" name="loginTest" time="0.004"/>
  <testcase classname="com.test.project.G_Assertion" name="GoogleLogoTest" time="0.114">
    <failure type="org.openqa.selenium.NoSuchElementException" message="no such element: Unable to locate element: {&amp;quot;method&amp;quot;:&amp;quot;xpath&amp;quot;,&amp;quot;selector&amp;quot;:&amp;quot;/html/body/div/img&amp;quot;}
  (Session info: chrome=107.0.5304.88)
For documentation on this error, please visit: https://www.seleniumhq.org/exceptions/no_such_element.html
Build info: version: &amp;apos;3.141.59&amp;apos;, revision: &amp;apos;e82be7d358&amp;apos;, time: &amp;apos;2018-11-14T08:17:03&amp;apos;
System info: host: &amp;apos;LAPTOP-H6ICRR5G&amp;apos;, ip: &amp;apos;192.168.1.100&amp;apos;, os.name: &amp;apos;Windows 10&amp;apos;, os.arch: &amp;apos;amd64&amp;apos;, os.version: &amp;apos;10.0&amp;apos;, java.version: &amp;apos;19.0.1&amp;apos;
Driver info: org.openqa.selenium.chrome.ChromeDriver
Capabilities {acceptInsecureCerts: false, browserName: chrome, browserVersion: 107.0.5304.88, chrome: {chromedriverVersion: 106.0.5249.61 (511755355844..., userDataDir: C:\Users\samba\AppData\Loca...}, goog:chromeOptions: {debuggerAddress: localhost:55460}, javascriptEnabled: true, networkConnectionEnabled: false, pageLoadStrategy: normal, platform: WINDOWS, platformName: WINDOWS, proxy: Proxy(), setWindowRect: true, strictFileInteractability: false, timeouts: {implicit: 0, pageLoad: 300000, script: 30000}, unhandledPromptBehavior: dismiss and notify, webauthn:extension:credBlob: true, webauthn:extension:largeBlob: true, webauthn:virtualAuthenticators: true}
Session ID: eaf8bf89bf0463940196375ba1dcdd42
*** Element info: {Using=xpath, value=/html/body/div/img}">
      <![CDATA[org.openqa.selenium.NoSuchElementException: no such element: Unable to locate element: {"method":"xpath","selector":"/html/body/div/img"}
  (Session info: chrome=107.0.5304.88)
For documentation on this error, please visit: https://www.seleniumhq.org/exceptions/no_such_element.html
Build info: version: '3.141.59', revision: 'e82be7d358', time: '2018-11-14T08:17:03'
System info: host: 'LAPTOP-H6ICRR5G', ip: '192.168.1.100', os.name: 'Windows 10', os.arch: 'amd64', os.version: '10.0', java.version: '19.0.1'
Driver info: org.openqa.selenium.chrome.ChromeDriver
Capabilities {acceptInsecureCerts: false, browserName: chrome, browserVersion: 107.0.5304.88, chrome: {chromedriverVersion: 106.0.5249.61 (511755355844..., userDataDir: C:\Users\samba\AppData\Loca...}, goog:chromeOptions: {debuggerAddress: localhost:55460}, javascriptEnabled: true, networkConnectionEnabled: false, pageLoadStrategy: normal, platform: WINDOWS, platformName: WINDOWS, proxy: Proxy(), setWindowRect: true, strictFileInteractability: false, timeouts: {implicit: 0, pageLoad: 300000, script: 30000}, unhandledPromptBehavior: dismiss and notify, webauthn:extension:credBlob: true, webauthn:extension:largeBlob: true, webauthn:virtualAuthenticators: true}
Session ID: eaf8bf89bf0463940196375ba1dcdd42
*** Element info: {Using=xpath, value=/html/body/div/img}
at org.openqa.selenium.remote.http.W3CHttpResponseCodec.createException(W3CHttpResponseCodec.java:187)
at org.openqa.selenium.remote.http.W3CHttpResponseCodec.decode(W3CHttpResponseCodec.java:122)
at org.openqa.selenium.remote.http.W3CHttpResponseCodec.decode(W3CHttpResponseCodec.java:49)
at org.openqa.selenium.remote.HttpCommandExecutor.execute(HttpCommandExecutor.java:158)
at org.openqa.selenium.remote.service.DriverCommandExecutor.execute(DriverCommandExecutor.java:83)
at org.openqa.selenium.remote.RemoteWebDriver.execute(RemoteWebDriver.java:552)
at org.openqa.selenium.remote.RemoteWebDriver.findElement(RemoteWebDriver.java:323)
at org.openqa.selenium.remote.RemoteWebDriver.findElementByXPath(RemoteWebDriver.java:428)
at org.openqa.selenium.By$ByXPath.findElement(By.java:353)
at org.openqa.selenium.remote.RemoteWebDriver.findElement(RemoteWebDriver.java:315)
at com.test.project.G_Assertion.GoogleLogoTest(G_Assertion.java:34)
... Removed 26 stack frames]]>
    </failure>
  </testcase> <!-- GoogleLogoTest -->
</testsuite> <!-- Different Testng Feature Test -->
