<?xml version="1.0" encoding="UTF-8"?>
<testng-results ignored="0" total="3" passed="3" failed="0" skipped="0">
  <reporter-output>
  </reporter-output>
  <suite started-at="2022-10-30T07:18:04Z" name="Default suite" finished-at="2022-10-30T07:18:23Z" duration-ms="19163">
    <groups>
    </groups>
    <test started-at="2022-10-30T07:18:04Z" name="Default test" finished-at="2022-10-30T07:18:23Z" duration-ms="19163">
      <class name="com.test.project.B_GoogleTest">
        <test-method is-config="true" signature="setup()[pri:0, instance:com.test.project.B_GoogleTest@25ce9dc4]" started-at="2022-10-30T07:18:04Z" name="setup" finished-at="2022-10-30T07:18:12Z" duration-ms="7275" status="PASS">
          <reporter-output>
          </reporter-output>
        </test-method> <!-- setup -->
        <test-method signature="GetTittle()[pri:1, instance:com.test.project.B_GoogleTest@25ce9dc4]" started-at="2022-10-30T07:18:12Z" name="GetTittle" finished-at="2022-10-30T07:18:12Z" duration-ms="28" status="PASS">
          <reporter-output>
          </reporter-output>
        </test-method> <!-- GetTittle -->
        <test-method is-config="true" signature="teardown()[pri:0, instance:com.test.project.B_GoogleTest@25ce9dc4]" started-at="2022-10-30T07:18:12Z" name="teardown" finished-at="2022-10-30T07:18:12Z" duration-ms="314" status="PASS">
          <reporter-output>
          </reporter-output>
        </test-method> <!-- teardown -->
        <test-method is-config="true" signature="setup()[pri:0, instance:com.test.project.B_GoogleTest@25ce9dc4]" started-at="2022-10-30T07:18:12Z" name="setup" finished-at="2022-10-30T07:18:17Z" duration-ms="5260" status="PASS">
          <reporter-output>
          </reporter-output>
        </test-method> <!-- setup -->
        <test-method signature="linktest()[pri:2, instance:com.test.project.B_GoogleTest@25ce9dc4]" started-at="2022-10-30T07:18:17Z" name="linktest" finished-at="2022-10-30T07:18:17Z" duration-ms="211" status="PASS">
          <reporter-output>
          </reporter-output>
        </test-method> <!-- linktest -->
        <test-method is-config="true" signature="teardown()[pri:0, instance:com.test.project.B_GoogleTest@25ce9dc4]" started-at="2022-10-30T07:18:17Z" name="teardown" finished-at="2022-10-30T07:18:18Z" duration-ms="386" status="PASS">
          <reporter-output>
          </reporter-output>
        </test-method> <!-- teardown -->
        <test-method is-config="true" signature="setup()[pri:0, instance:com.test.project.B_GoogleTest@25ce9dc4]" started-at="2022-10-30T07:18:18Z" name="setup" finished-at="2022-10-30T07:18:23Z" duration-ms="5275" status="PASS">
          <reporter-output>
          </reporter-output>
        </test-method> <!-- setup -->
        <test-method signature="GoogleLogoTest()[pri:3, instance:com.test.project.B_GoogleTest@25ce9dc4]" started-at="2022-10-30T07:18:23Z" name="GoogleLogoTest" finished-at="2022-10-30T07:18:23Z" duration-ms="55" status="PASS">
          <reporter-output>
          </reporter-output>
        </test-method> <!-- GoogleLogoTest -->
        <test-method is-config="true" signature="teardown()[pri:0, instance:com.test.project.B_GoogleTest@25ce9dc4]" started-at="2022-10-30T07:18:23Z" name="teardown" finished-at="2022-10-30T07:18:23Z" duration-ms="283" status="PASS">
          <reporter-output>
          </reporter-output>
        </test-method> <!-- teardown -->
      </class> <!-- com.test.project.B_GoogleTest -->
    </test> <!-- Default test -->
  </suite> <!-- Default suite -->
</testng-results>
