<?xml version="1.0" encoding="UTF-8"?>
<testng-results ignored="0" total="6" passed="5" failed="1" skipped="0">
  <reporter-output>
  </reporter-output>
  <suite started-at="2023-02-21T17:25:46 IST" name="Default suite" finished-at="2023-02-21T17:26:19 IST" duration-ms="33498">
    <groups>
      <group name="Test">
        <method signature="B_GoogleTest.test1()[pri:4, instance:com.test.project.B_GoogleTest@1a451d4d]" name="test1" class="com.test.project.B_GoogleTest"/>
        <method signature="B_GoogleTest.test2()[pri:5, instance:com.test.project.B_GoogleTest@1a451d4d]" name="test2" class="com.test.project.B_GoogleTest"/>
        <method signature="B_GoogleTest.test3()[pri:6, instance:com.test.project.B_GoogleTest@1a451d4d]" name="test3" class="com.test.project.B_GoogleTest"/>
      </group> <!-- Test -->
      <group name="logo">
        <method signature="B_GoogleTest.GoogleLogoTest()[pri:3, instance:com.test.project.B_GoogleTest@1a451d4d]" name="GoogleLogoTest" class="com.test.project.B_GoogleTest"/>
      </group> <!-- logo -->
      <group name="Tittle">
        <method signature="B_GoogleTest.GetTittle()[pri:1, instance:com.test.project.B_GoogleTest@1a451d4d]" name="GetTittle" class="com.test.project.B_GoogleTest"/>
      </group> <!-- Tittle -->
      <group name="Link">
        <method signature="B_GoogleTest.linktest()[pri:2, instance:com.test.project.B_GoogleTest@1a451d4d]" name="linktest" class="com.test.project.B_GoogleTest"/>
      </group> <!-- Link -->
    </groups>
    <test started-at="2023-02-21T17:25:46 IST" name="Default test" finished-at="2023-02-21T17:26:19 IST" duration-ms="33498">
      <class name="com.test.project.B_GoogleTest">
        <test-method is-config="true" signature="setup()[pri:0, instance:com.test.project.B_GoogleTest@1a451d4d]" started-at="2023-02-21T17:25:46 IST" name="setup" finished-at="2023-02-21T17:25:54 IST" duration-ms="7756" status="PASS">
          <reporter-output>
          </reporter-output>
        </test-method> <!-- setup -->
        <test-method signature="GetTittle()[pri:1, instance:com.test.project.B_GoogleTest@1a451d4d]" started-at="2023-02-21T17:25:54 IST" name="GetTittle" finished-at="2023-02-21T17:25:54 IST" duration-ms="22" status="PASS">
          <reporter-output>
          </reporter-output>
        </test-method> <!-- GetTittle -->
        <test-method is-config="true" signature="teardown()[pri:0, instance:com.test.project.B_GoogleTest@1a451d4d]" started-at="2023-02-21T17:25:54 IST" name="teardown" finished-at="2023-02-21T17:25:54 IST" duration-ms="346" status="PASS">
          <reporter-output>
          </reporter-output>
        </test-method> <!-- teardown -->
        <test-method is-config="true" signature="setup()[pri:0, instance:com.test.project.B_GoogleTest@1a451d4d]" started-at="2023-02-21T17:25:54 IST" name="setup" finished-at="2023-02-21T17:25:58 IST" duration-ms="4175" status="PASS">
          <reporter-output>
          </reporter-output>
        </test-method> <!-- setup -->
        <test-method signature="linktest()[pri:2, instance:com.test.project.B_GoogleTest@1a451d4d]" started-at="2023-02-21T17:25:58 IST" name="linktest" finished-at="2023-02-21T17:25:58 IST" duration-ms="73" status="PASS">
          <reporter-output>
          </reporter-output>
        </test-method> <!-- linktest -->
        <test-method is-config="true" signature="teardown()[pri:0, instance:com.test.project.B_GoogleTest@1a451d4d]" started-at="2023-02-21T17:25:58 IST" name="teardown" finished-at="2023-02-21T17:25:59 IST" duration-ms="387" status="PASS">
          <reporter-output>
          </reporter-output>
        </test-method> <!-- teardown -->
        <test-method is-config="true" signature="setup()[pri:0, instance:com.test.project.B_GoogleTest@1a451d4d]" started-at="2023-02-21T17:25:59 IST" name="setup" finished-at="2023-02-21T17:26:04 IST" duration-ms="4843" status="PASS">
          <reporter-output>
          </reporter-output>
        </test-method> <!-- setup -->
        <test-method signature="GoogleLogoTest()[pri:3, instance:com.test.project.B_GoogleTest@1a451d4d]" started-at="2023-02-21T17:26:04 IST" name="GoogleLogoTest" finished-at="2023-02-21T17:26:04 IST" duration-ms="38" status="FAIL">
          <exception class="org.openqa.selenium.NoSuchElementException">
            <message>
              <![CDATA[no such element: Unable to locate element: {"method":"xpath","selector":"/html/body/div/img"}
  (Session info: chrome=110.0.5481.104)
For documentation on this error, please visit: https://selenium.dev/exceptions/#no_such_element
Build info: version: '4.8.0', revision: '267030adea'
System info: os.name: 'Windows 10', os.arch: 'amd64', os.version: '10.0', java.version: '17.0.6'
Driver info: org.openqa.selenium.chrome.ChromeDriver
Command: [75fab6bf8a578f0d3231f29e252ab6b3, findElement {using=xpath, value=/html/body/div/img}]
Capabilities {acceptInsecureCerts: false, browserName: chrome, browserVersion: 110.0.5481.104, chrome: {chromedriverVersion: 110.0.5481.77 (65ed616c6e8e..., userDataDir: C:\Users\SAMBAS~1\AppData\L...}, goog:chromeOptions: {debuggerAddress: localhost:55668}, networkConnectionEnabled: false, pageLoadStrategy: normal, platformName: WINDOWS, proxy: Proxy(), se:cdp: ws://localhost:55668/devtoo..., se:cdpVersion: 110.0.5481.104, setWindowRect: true, strictFileInteractability: false, timeouts: {implicit: 0, pageLoad: 300000, script: 30000}, unhandledPromptBehavior: dismiss and notify, webauthn:extension:credBlob: true, webauthn:extension:largeBlob: true, webauthn:virtualAuthenticators: true}
Session ID: 75fab6bf8a578f0d3231f29e252ab6b3]]>
            </message>
            <full-stacktrace>
              <![CDATA[org.openqa.selenium.NoSuchElementException: no such element: Unable to locate element: {"method":"xpath","selector":"/html/body/div/img"}
  (Session info: chrome=110.0.5481.104)
For documentation on this error, please visit: https://selenium.dev/exceptions/#no_such_element
Build info: version: '4.8.0', revision: '267030adea'
System info: os.name: 'Windows 10', os.arch: 'amd64', os.version: '10.0', java.version: '17.0.6'
Driver info: org.openqa.selenium.chrome.ChromeDriver
Command: [75fab6bf8a578f0d3231f29e252ab6b3, findElement {using=xpath, value=/html/body/div/img}]
Capabilities {acceptInsecureCerts: false, browserName: chrome, browserVersion: 110.0.5481.104, chrome: {chromedriverVersion: 110.0.5481.77 (65ed616c6e8e..., userDataDir: C:\Users\SAMBAS~1\AppData\L...}, goog:chromeOptions: {debuggerAddress: localhost:55668}, networkConnectionEnabled: false, pageLoadStrategy: normal, platformName: WINDOWS, proxy: Proxy(), se:cdp: ws://localhost:55668/devtoo..., se:cdpVersion: 110.0.5481.104, setWindowRect: true, strictFileInteractability: false, timeouts: {implicit: 0, pageLoad: 300000, script: 30000}, unhandledPromptBehavior: dismiss and notify, webauthn:extension:credBlob: true, webauthn:extension:largeBlob: true, webauthn:virtualAuthenticators: true}
Session ID: 75fab6bf8a578f0d3231f29e252ab6b3
at java.base/jdk.internal.reflect.NativeConstructorAccessorImpl.newInstance0(Native Method)
at java.base/jdk.internal.reflect.NativeConstructorAccessorImpl.newInstance(NativeConstructorAccessorImpl.java:77)
at java.base/jdk.internal.reflect.DelegatingConstructorAccessorImpl.newInstance(DelegatingConstructorAccessorImpl.java:45)
at java.base/java.lang.reflect.Constructor.newInstanceWithCaller(Constructor.java:499)
at java.base/java.lang.reflect.Constructor.newInstance(Constructor.java:480)
at org.openqa.selenium.remote.codec.w3c.W3CHttpResponseCodec.createException(W3CHttpResponseCodec.java:200)
at org.openqa.selenium.remote.codec.w3c.W3CHttpResponseCodec.decode(W3CHttpResponseCodec.java:133)
at org.openqa.selenium.remote.codec.w3c.W3CHttpResponseCodec.decode(W3CHttpResponseCodec.java:53)
at org.openqa.selenium.remote.HttpCommandExecutor.execute(HttpCommandExecutor.java:184)
at org.openqa.selenium.remote.service.DriverCommandExecutor.invokeExecute(DriverCommandExecutor.java:167)
at org.openqa.selenium.remote.service.DriverCommandExecutor.execute(DriverCommandExecutor.java:142)
at org.openqa.selenium.remote.RemoteWebDriver.execute(RemoteWebDriver.java:543)
at org.openqa.selenium.remote.ElementLocation$ElementFinder$2.findElement(ElementLocation.java:162)
at org.openqa.selenium.remote.ElementLocation.findElement(ElementLocation.java:60)
at org.openqa.selenium.remote.RemoteWebDriver.findElement(RemoteWebDriver.java:352)
at org.openqa.selenium.remote.RemoteWebDriver.findElement(RemoteWebDriver.java:344)
at com.test.project.B_GoogleTest.GoogleLogoTest(B_GoogleTest.java:39)
at java.base/jdk.internal.reflect.NativeMethodAccessorImpl.invoke0(Native Method)
at java.base/jdk.internal.reflect.NativeMethodAccessorImpl.invoke(NativeMethodAccessorImpl.java:77)
at java.base/jdk.internal.reflect.DelegatingMethodAccessorImpl.invoke(DelegatingMethodAccessorImpl.java:43)
at java.base/java.lang.reflect.Method.invoke(Method.java:568)
at org.testng.internal.MethodInvocationHelper.invokeMethod(MethodInvocationHelper.java:133)
at org.testng.internal.TestInvoker.invokeMethod(TestInvoker.java:598)
at org.testng.internal.TestInvoker.invokeTestMethod(TestInvoker.java:173)
at org.testng.internal.MethodRunner.runInSequence(MethodRunner.java:46)
at org.testng.internal.TestInvoker$MethodInvocationAgent.invoke(TestInvoker.java:824)
at org.testng.internal.TestInvoker.invokeTestMethods(TestInvoker.java:146)
at org.testng.internal.TestMethodWorker.invokeTestMethods(TestMethodWorker.java:146)
at org.testng.internal.TestMethodWorker.run(TestMethodWorker.java:128)
at java.base/java.util.ArrayList.forEach(ArrayList.java:1511)
at org.testng.TestRunner.privateRun(TestRunner.java:794)
at org.testng.TestRunner.run(TestRunner.java:596)
at org.testng.SuiteRunner.runTest(SuiteRunner.java:377)
at org.testng.SuiteRunner.runSequentially(SuiteRunner.java:371)
at org.testng.SuiteRunner.privateRun(SuiteRunner.java:332)
at org.testng.SuiteRunner.run(SuiteRunner.java:276)
at org.testng.SuiteRunnerWorker.runSuite(SuiteRunnerWorker.java:53)
at org.testng.SuiteRunnerWorker.run(SuiteRunnerWorker.java:96)
at org.testng.TestNG.runSuitesSequentially(TestNG.java:1212)
at org.testng.TestNG.runSuitesLocally(TestNG.java:1134)
at org.testng.TestNG.runSuites(TestNG.java:1063)
at org.testng.TestNG.run(TestNG.java:1031)
at org.testng.remote.AbstractRemoteTestNG.run(AbstractRemoteTestNG.java:115)
at org.testng.remote.RemoteTestNG.initAndRun(RemoteTestNG.java:251)
at org.testng.remote.RemoteTestNG.main(RemoteTestNG.java:77)
]]>
            </full-stacktrace>
          </exception> <!-- org.openqa.selenium.NoSuchElementException -->
          <reporter-output>
          </reporter-output>
        </test-method> <!-- GoogleLogoTest -->
        <test-method is-config="true" signature="teardown()[pri:0, instance:com.test.project.B_GoogleTest@1a451d4d]" started-at="2023-02-21T17:26:04 IST" name="teardown" finished-at="2023-02-21T17:26:04 IST" duration-ms="386" status="PASS">
          <reporter-output>
          </reporter-output>
        </test-method> <!-- teardown -->
        <test-method is-config="true" signature="setup()[pri:0, instance:com.test.project.B_GoogleTest@1a451d4d]" started-at="2023-02-21T17:26:04 IST" name="setup" finished-at="2023-02-21T17:26:09 IST" duration-ms="4831" status="PASS">
          <reporter-output>
          </reporter-output>
        </test-method> <!-- setup -->
        <test-method signature="test1()[pri:4, instance:com.test.project.B_GoogleTest@1a451d4d]" started-at="2023-02-21T17:26:09 IST" name="test1" finished-at="2023-02-21T17:26:09 IST" duration-ms="2" status="PASS">
          <reporter-output>
          </reporter-output>
        </test-method> <!-- test1 -->
        <test-method is-config="true" signature="teardown()[pri:0, instance:com.test.project.B_GoogleTest@1a451d4d]" started-at="2023-02-21T17:26:09 IST" name="teardown" finished-at="2023-02-21T17:26:09 IST" duration-ms="432" status="PASS">
          <reporter-output>
          </reporter-output>
        </test-method> <!-- teardown -->
        <test-method is-config="true" signature="setup()[pri:0, instance:com.test.project.B_GoogleTest@1a451d4d]" started-at="2023-02-21T17:26:09 IST" name="setup" finished-at="2023-02-21T17:26:15 IST" duration-ms="5086" status="PASS">
          <reporter-output>
          </reporter-output>
        </test-method> <!-- setup -->
        <test-method signature="test2()[pri:5, instance:com.test.project.B_GoogleTest@1a451d4d]" started-at="2023-02-21T17:26:15 IST" name="test2" finished-at="2023-02-21T17:26:15 IST" duration-ms="7" status="PASS">
          <reporter-output>
          </reporter-output>
        </test-method> <!-- test2 -->
        <test-method is-config="true" signature="teardown()[pri:0, instance:com.test.project.B_GoogleTest@1a451d4d]" started-at="2023-02-21T17:26:15 IST" name="teardown" finished-at="2023-02-21T17:26:15 IST" duration-ms="347" status="PASS">
          <reporter-output>
          </reporter-output>
        </test-method> <!-- teardown -->
        <test-method is-config="true" signature="setup()[pri:0, instance:com.test.project.B_GoogleTest@1a451d4d]" started-at="2023-02-21T17:26:15 IST" name="setup" finished-at="2023-02-21T17:26:19 IST" duration-ms="4141" status="PASS">
          <reporter-output>
          </reporter-output>
        </test-method> <!-- setup -->
        <test-method signature="test3()[pri:6, instance:com.test.project.B_GoogleTest@1a451d4d]" started-at="2023-02-21T17:26:19 IST" name="test3" finished-at="2023-02-21T17:26:19 IST" duration-ms="1" status="PASS">
          <reporter-output>
          </reporter-output>
        </test-method> <!-- test3 -->
        <test-method is-config="true" signature="teardown()[pri:0, instance:com.test.project.B_GoogleTest@1a451d4d]" started-at="2023-02-21T17:26:19 IST" name="teardown" finished-at="2023-02-21T17:26:19 IST" duration-ms="474" status="PASS">
          <reporter-output>
          </reporter-output>
        </test-method> <!-- teardown -->
      </class> <!-- com.test.project.B_GoogleTest -->
    </test> <!-- Default test -->
  </suite> <!-- Default suite -->
</testng-results>
